Tue Apr 17 20:31:57 CDT 2018 : Apache Derby Network Server - 10.10.2.0 - (1582446) started and ready to accept connections on port 1527
----------------------------------------------------------------
Tue Apr 17 20:32:14 CDT 2018:
Booting Derby version The Apache Software Foundation - Apache Derby - 10.10.2.0 - (1582446): instance a816c00e-0162-d661-3328-000004cbf099 
on database directory /Users/tatum/Documents/WCTC/Spring 2018/Distributed Java/distributedjava/Storefront/DB/names with class loader sun.misc.Launcher$AppClassLoader@66d3c617 
Loaded from file:/Applications/NetBeans/glassfish-4.1.1/javadb/lib/derby.jar
java.vendor=Oracle Corporation
java.runtime.version=1.8.0_121-b13
user.dir=/Applications/NetBeans/glassfish-4.1.1/javadb
os.name=Mac OS X
os.arch=x86_64
os.version=10.13.3
derby.system.home=/Users/tatum/Documents/WCTC/Spring 2018/Distributed Java/distributedjava/Storefront/DB
Database Class Loader started - derby.database.classpath=''
----------------------------------------------------------------
Tue Apr 17 20:32:24 CDT 2018:
Booting Derby version The Apache Software Foundation - Apache Derby - 10.10.2.0 - (1582446): instance 08264012-0162-d661-3328-000004cbf099 
on database directory /Users/tatum/Documents/WCTC/Spring 2018/Distributed Java/distributedjava/Storefront/DB/succulent_source with class loader sun.misc.Launcher$AppClassLoader@66d3c617 
Loaded from file:/Applications/NetBeans/glassfish-4.1.1/javadb/lib/derby.jar
java.vendor=Oracle Corporation
java.runtime.version=1.8.0_121-b13
user.dir=/Applications/NetBeans/glassfish-4.1.1/javadb
os.name=Mac OS X
os.arch=x86_64
os.version=10.13.3
derby.system.home=/Users/tatum/Documents/WCTC/Spring 2018/Distributed Java/distributedjava/Storefront/DB
Database Class Loader started - derby.database.classpath=''
